<?xml version="1.0" encoding="UTF-8"?>
<!-- Generated by org.testng.reporters.JUnitXMLReporter -->
<testsuite hostname="USER-PC" ignored="0" name="Default test" tests="1" failures="0" timestamp="27 Apr 2018 06:48:51 GMT" time="49.854" errors="0">
  <testcase name="@BeforeClass setUp" time="49.589" classname="TestNG11.CreateUser">
    <failure type="org.openqa.selenium.WebDriverException" message="Failed to connect to binary FirefoxBinary(C:\Program Files\Mozilla Firefox\firefox.exe) on port 7055; process output follows: 
dUpdates&amp;quot;:1,&amp;quot;skinnable&amp;quot;:true,&amp;quot;size&amp;quot;:21152,&amp;quot;sourceURI&amp;quot;:null,&amp;quot;releaseNotesURI&amp;quot;:null,&amp;quot;softDisabled&amp;quot;:false,&amp;quot;foreignInstall&amp;quot;:false,&amp;quot;hasBinaryComponents&amp;quot;:false,&amp;quot;strictCompatibility&amp;quot;:true,&amp;quot;locales&amp;quot;:[],&amp;quot;targetApplications&amp;quot;:[{&amp;quot;id&amp;quot;:&amp;quot;{ec8030f7-c20a-464f-9b0e-13a3a9e97384}&amp;quot;,&amp;quot;minVersion&amp;quot;:&amp;quot;50.0.1&amp;quot;,&amp;quot;maxVersion&amp;quot;:&amp;quot;50.0.1&amp;quot;}],&amp;quot;targetPlatforms&amp;quot;:[],&amp;quot;seen&amp;quot;:true}
1524811686375	addons.xpi	DEBUG	getModTime: Recursive scan of {972ce4c6-7e08-4474-a285-3208198ce6fd}
1524811686378	DeferredSave.extensions.json	DEBUG	Save changes
1524811686379	addons.xpi	DEBUG	Updating database with changes to installed add-ons
1524811686379	addons.xpi-utils	DEBUG	Updating add-on states
1524811686381	addons.xpi-utils	DEBUG	Writing add-ons list
1524811686388	addons.xpi	DEBUG	Registering manifest for C:\Program Files\Mozilla Firefox\browser\features\aushelper@mozilla.org.xpi
1524811686390	addons.xpi	DEBUG	Calling bootstrap method startup on aushelper@mozilla.org version 1.0
1524811686393	addons.xpi	DEBUG	Registering manifest for C:\Program Files\Mozilla Firefox\browser\features\e10srollout@mozilla.org.xpi
1524811686395	addons.xpi	DEBUG	Calling bootstrap method startup on e10srollout@mozilla.org version 1.5
1524811686396	addons.xpi	DEBUG	Registering manifest for C:\Program Files\Mozilla Firefox\browser\features\firefox@getpocket.com.xpi
1524811686399	addons.xpi	DEBUG	Calling bootstrap method startup on firefox@getpocket.com version 1.0.5
1524811686402	addons.xpi	DEBUG	Registering manifest for C:\Program Files\Mozilla Firefox\browser\features\webcompat@mozilla.org.xpi
1524811686403	addons.xpi	DEBUG	Calling bootstrap method startup on webcompat@mozilla.org version 1.0
1524811686409	addons.manager	DEBUG	Registering shutdown blocker for XPIProvider
1524811686413	addons.manager	DEBUG	Provider finished startup: XPIProvider
1524811686415	addons.manager	DEBUG	Starting provider: LightweightThemeManager
1524811686416	addons.manager	DEBUG	Registering shutdown blocker for LightweightThemeManager
1524811686417	addons.manager	DEBUG	Provider finished startup: LightweightThemeManager
1524811686419	addons.manager	DEBUG	Starting provider: GMPProvider
1524811686444	addons.manager	DEBUG	Registering shutdown blocker for GMPProvider
1524811686445	addons.manager	DEBUG	Provider finished startup: GMPProvider
1524811686446	addons.manager	DEBUG	Starting provider: PluginProvider
1524811686450	addons.manager	DEBUG	Registering shutdown blocker for PluginProvider
1524811686451	addons.manager	DEBUG	Provider finished startup: PluginProvider
1524811686453	addons.manager	DEBUG	Completed startup sequence
[GFX1]: Potential driver version mismatch ignored due to missing DLLs 0.0.0.0 and 0.0.0.0
1524811688369	addons.manager	DEBUG	Starting provider: &amp;lt;unnamed-provider&amp;gt;
1524811688369	addons.manager	DEBUG	Registering shutdown blocker for &amp;lt;unnamed-provider&amp;gt;
1524811688371	addons.manager	DEBUG	Provider finished startup: &amp;lt;unnamed-provider&amp;gt;
1524811689233	DeferredSave.extensions.json	DEBUG	Write succeeded
1524811689234	addons.xpi-utils	DEBUG	XPI Database saved, setting schema version preference to 17
1524811689235	DeferredSave.extensions.json	DEBUG	Starting timer
1524811689265	DeferredSave.extensions.json	DEBUG	Starting write
1524811689312	addons.repository	DEBUG	No addons.json found.
1524811689313	DeferredSave.addons.json	DEBUG	Save changes
1524811689322	DeferredSave.addons.json	DEBUG	Starting timer
1524811689437	addons.manager	DEBUG	Starting provider: PreviousExperimentProvider
1524811689437	addons.manager	DEBUG	Registering shutdown blocker for PreviousExperimentProvider
1524811689439	addons.manager	DEBUG	Provider finished startup: PreviousExperimentProvider
1524811689455	DeferredSave.addons.json	DEBUG	Starting write
1524811689485	DeferredSave.extensions.json	DEBUG	Write succeeded
1524811689903	DeferredSave.addons.json	DEBUG	Write succeeded
Crash Annotation GraphicsCriticalError: |[C0][GFX1]: Potential driver version mismatch ignored due to missing DLLs 0.0.0.0 and 0.0.0.0 (t=24.1812) [GFX1]: Potential driver version mismatch ignored due to missing DLLs 0.0.0.0 and 0.0.0.0

Build info: version: &amp;apos;2.53.0&amp;apos;, revision: &amp;apos;35ae25b&amp;apos;, time: &amp;apos;2016-03-15 17:00:58&amp;apos;
System info: host: &amp;apos;USER-PC&amp;apos;, ip: &amp;apos;192.168.1.2&amp;apos;, os.name: &amp;apos;Windows 7&amp;apos;, os.arch: &amp;apos;x86&amp;apos;, os.version: &amp;apos;6.1&amp;apos;, java.version: &amp;apos;1.8.0_121&amp;apos;
Driver info: driver.version: FirefoxDriver">
      <![CDATA[org.openqa.selenium.WebDriverException: Failed to connect to binary FirefoxBinary(C:\Program Files\Mozilla Firefox\firefox.exe) on port 7055; process output follows: 
dUpdates":1,"skinnable":true,"size":21152,"sourceURI":null,"releaseNotesURI":null,"softDisabled":false,"foreignInstall":false,"hasBinaryComponents":false,"strictCompatibility":true,"locales":[],"targetApplications":[{"id":"{ec8030f7-c20a-464f-9b0e-13a3a9e97384}","minVersion":"50.0.1","maxVersion":"50.0.1"}],"targetPlatforms":[],"seen":true}
1524811686375addons.xpiDEBUGgetModTime: Recursive scan of {972ce4c6-7e08-4474-a285-3208198ce6fd}
1524811686378DeferredSave.extensions.jsonDEBUGSave changes
1524811686379addons.xpiDEBUGUpdating database with changes to installed add-ons
1524811686379addons.xpi-utilsDEBUGUpdating add-on states
1524811686381addons.xpi-utilsDEBUGWriting add-ons list
1524811686388addons.xpiDEBUGRegistering manifest for C:\Program Files\Mozilla Firefox\browser\features\aushelper@mozilla.org.xpi
1524811686390addons.xpiDEBUGCalling bootstrap method startup on aushelper@mozilla.org version 1.0
1524811686393addons.xpiDEBUGRegistering manifest for C:\Program Files\Mozilla Firefox\browser\features\e10srollout@mozilla.org.xpi
1524811686395addons.xpiDEBUGCalling bootstrap method startup on e10srollout@mozilla.org version 1.5
1524811686396addons.xpiDEBUGRegistering manifest for C:\Program Files\Mozilla Firefox\browser\features\firefox@getpocket.com.xpi
1524811686399addons.xpiDEBUGCalling bootstrap method startup on firefox@getpocket.com version 1.0.5
1524811686402addons.xpiDEBUGRegistering manifest for C:\Program Files\Mozilla Firefox\browser\features\webcompat@mozilla.org.xpi
1524811686403addons.xpiDEBUGCalling bootstrap method startup on webcompat@mozilla.org version 1.0
1524811686409addons.managerDEBUGRegistering shutdown blocker for XPIProvider
1524811686413addons.managerDEBUGProvider finished startup: XPIProvider
1524811686415addons.managerDEBUGStarting provider: LightweightThemeManager
1524811686416addons.managerDEBUGRegistering shutdown blocker for LightweightThemeManager
1524811686417addons.managerDEBUGProvider finished startup: LightweightThemeManager
1524811686419addons.managerDEBUGStarting provider: GMPProvider
1524811686444addons.managerDEBUGRegistering shutdown blocker for GMPProvider
1524811686445addons.managerDEBUGProvider finished startup: GMPProvider
1524811686446addons.managerDEBUGStarting provider: PluginProvider
1524811686450addons.managerDEBUGRegistering shutdown blocker for PluginProvider
1524811686451addons.managerDEBUGProvider finished startup: PluginProvider
1524811686453addons.managerDEBUGCompleted startup sequence
[GFX1]: Potential driver version mismatch ignored due to missing DLLs 0.0.0.0 and 0.0.0.0
1524811688369addons.managerDEBUGStarting provider: <unnamed-provider>
1524811688369addons.managerDEBUGRegistering shutdown blocker for <unnamed-provider>
1524811688371addons.managerDEBUGProvider finished startup: <unnamed-provider>
1524811689233DeferredSave.extensions.jsonDEBUGWrite succeeded
1524811689234addons.xpi-utilsDEBUGXPI Database saved, setting schema version preference to 17
1524811689235DeferredSave.extensions.jsonDEBUGStarting timer
1524811689265DeferredSave.extensions.jsonDEBUGStarting write
1524811689312addons.repositoryDEBUGNo addons.json found.
1524811689313DeferredSave.addons.jsonDEBUGSave changes
1524811689322DeferredSave.addons.jsonDEBUGStarting timer
1524811689437addons.managerDEBUGStarting provider: PreviousExperimentProvider
1524811689437addons.managerDEBUGRegistering shutdown blocker for PreviousExperimentProvider
1524811689439addons.managerDEBUGProvider finished startup: PreviousExperimentProvider
1524811689455DeferredSave.addons.jsonDEBUGStarting write
1524811689485DeferredSave.extensions.jsonDEBUGWrite succeeded
1524811689903DeferredSave.addons.jsonDEBUGWrite succeeded
Crash Annotation GraphicsCriticalError: |[C0][GFX1]: Potential driver version mismatch ignored due to missing DLLs 0.0.0.0 and 0.0.0.0 (t=24.1812) [GFX1]: Potential driver version mismatch ignored due to missing DLLs 0.0.0.0 and 0.0.0.0

Build info: version: '2.53.0', revision: '35ae25b', time: '2016-03-15 17:00:58'
System info: host: 'USER-PC', ip: '192.168.1.2', os.name: 'Windows 7', os.arch: 'x86', os.version: '6.1', java.version: '1.8.0_121'
Driver info: driver.version: FirefoxDriver
at org.openqa.selenium.firefox.internal.NewProfileExtensionConnection.start(NewProfileExtensionConnection.java:124)
at org.openqa.selenium.firefox.FirefoxDriver.startClient(FirefoxDriver.java:271)
at org.openqa.selenium.remote.RemoteWebDriver.<init>(RemoteWebDriver.java:119)
at org.openqa.selenium.firefox.FirefoxDriver.<init>(FirefoxDriver.java:218)
at org.openqa.selenium.firefox.FirefoxDriver.<init>(FirefoxDriver.java:211)
at org.openqa.selenium.firefox.FirefoxDriver.<init>(FirefoxDriver.java:207)
at org.openqa.selenium.firefox.FirefoxDriver.<init>(FirefoxDriver.java:120)
at TestNG11.CreateUser.setUp(CreateUser.java:21)
at sun.reflect.NativeMethodAccessorImpl.invoke0(Native Method)
at sun.reflect.NativeMethodAccessorImpl.invoke(NativeMethodAccessorImpl.java:62)
at sun.reflect.DelegatingMethodAccessorImpl.invoke(DelegatingMethodAccessorImpl.java:43)
at java.lang.reflect.Method.invoke(Method.java:498)
at org.testng.internal.MethodInvocationHelper.invokeMethod(MethodInvocationHelper.java:124)
at org.testng.internal.MethodInvocationHelper.invokeMethodConsideringTimeout(MethodInvocationHelper.java:59)
at org.testng.internal.Invoker.invokeConfigurationMethod(Invoker.java:455)
at org.testng.internal.Invoker.invokeConfigurations(Invoker.java:222)
at org.testng.internal.Invoker.invokeConfigurations(Invoker.java:142)
at org.testng.internal.TestMethodWorker.invokeBeforeClassMethods(TestMethodWorker.java:168)
at org.testng.internal.TestMethodWorker.run(TestMethodWorker.java:105)
at org.testng.TestRunner.privateRun(TestRunner.java:648)
at org.testng.TestRunner.run(TestRunner.java:505)
at org.testng.SuiteRunner.runTest(SuiteRunner.java:455)
at org.testng.SuiteRunner.runSequentially(SuiteRunner.java:450)
at org.testng.SuiteRunner.privateRun(SuiteRunner.java:415)
at org.testng.SuiteRunner.run(SuiteRunner.java:364)
at org.testng.SuiteRunnerWorker.runSuite(SuiteRunnerWorker.java:52)
at org.testng.SuiteRunnerWorker.run(SuiteRunnerWorker.java:84)
at org.testng.TestNG.runSuitesSequentially(TestNG.java:1208)
at org.testng.TestNG.runSuitesLocally(TestNG.java:1137)
at org.testng.TestNG.runSuites(TestNG.java:1049)
at org.testng.TestNG.run(TestNG.java:1017)
at org.testng.remote.AbstractRemoteTestNG.run(AbstractRemoteTestNG.java:114)
at org.testng.remote.RemoteTestNG.initAndRun(RemoteTestNG.java:251)
at org.testng.remote.RemoteTestNG.main(RemoteTestNG.java:77)
Caused by: org.openqa.selenium.firefox.NotConnectedException: Unable to connect to host 127.0.0.1 on port 7055 after 45000 ms. Firefox console output:
dUpdates":1,"skinnable":true,"size":21152,"sourceURI":null,"releaseNotesURI":null,"softDisabled":false,"foreignInstall":false,"hasBinaryComponents":false,"strictCompatibility":true,"locales":[],"targetApplications":[{"id":"{ec8030f7-c20a-464f-9b0e-13a3a9e97384}","minVersion":"50.0.1","maxVersion":"50.0.1"}],"targetPlatforms":[],"seen":true}
1524811686375addons.xpiDEBUGgetModTime: Recursive scan of {972ce4c6-7e08-4474-a285-3208198ce6fd}
1524811686378DeferredSave.extensions.jsonDEBUGSave changes
1524811686379addons.xpiDEBUGUpdating database with changes to installed add-ons
1524811686379addons.xpi-utilsDEBUGUpdating add-on states
1524811686381addons.xpi-utilsDEBUGWriting add-ons list
1524811686388addons.xpiDEBUGRegistering manifest for C:\Program Files\Mozilla Firefox\browser\features\aushelper@mozilla.org.xpi
1524811686390addons.xpiDEBUGCalling bootstrap method startup on aushelper@mozilla.org version 1.0
1524811686393addons.xpiDEBUGRegistering manifest for C:\Program Files\Mozilla Firefox\browser\features\e10srollout@mozilla.org.xpi
1524811686395addons.xpiDEBUGCalling bootstrap method startup on e10srollout@mozilla.org version 1.5
1524811686396addons.xpiDEBUGRegistering manifest for C:\Program Files\Mozilla Firefox\browser\features\firefox@getpocket.com.xpi
1524811686399addons.xpiDEBUGCalling bootstrap method startup on firefox@getpocket.com version 1.0.5
1524811686402addons.xpiDEBUGRegistering manifest for C:\Program Files\Mozilla Firefox\browser\features\webcompat@mozilla.org.xpi
1524811686403addons.xpiDEBUGCalling bootstrap method startup on webcompat@mozilla.org version 1.0
1524811686409addons.managerDEBUGRegistering shutdown blocker for XPIProvider
1524811686413addons.managerDEBUGProvider finished startup: XPIProvider
1524811686415addons.managerDEBUGStarting provider: LightweightThemeManager
1524811686416addons.managerDEBUGRegistering shutdown blocker for LightweightThemeManager
1524811686417addons.managerDEBUGProvider finished startup: LightweightThemeManager
1524811686419addons.managerDEBUGStarting provider: GMPProvider
1524811686444addons.managerDEBUGRegistering shutdown blocker for GMPProvider
1524811686445addons.managerDEBUGProvider finished startup: GMPProvider
1524811686446addons.managerDEBUGStarting provider: PluginProvider
1524811686450addons.managerDEBUGRegistering shutdown blocker for PluginProvider
1524811686451addons.managerDEBUGProvider finished startup: PluginProvider
1524811686453addons.managerDEBUGCompleted startup sequence
[GFX1]: Potential driver version mismatch ignored due to missing DLLs 0.0.0.0 and 0.0.0.0
1524811688369addons.managerDEBUGStarting provider: <unnamed-provider>
1524811688369addons.managerDEBUGRegistering shutdown blocker for <unnamed-provider>
1524811688371addons.managerDEBUGProvider finished startup: <unnamed-provider>
1524811689233DeferredSave.extensions.jsonDEBUGWrite succeeded
1524811689234addons.xpi-utilsDEBUGXPI Database saved, setting schema version preference to 17
1524811689235DeferredSave.extensions.jsonDEBUGStarting timer
1524811689265DeferredSave.extensions.jsonDEBUGStarting write
1524811689312addons.repositoryDEBUGNo addons.json found.
1524811689313DeferredSave.addons.jsonDEBUGSave changes
1524811689322DeferredSave.addons.jsonDEBUGStarting timer
1524811689437addons.managerDEBUGStarting provider: PreviousExperimentProvider
1524811689437addons.managerDEBUGRegistering shutdown blocker for PreviousExperimentProvider
1524811689439addons.managerDEBUGProvider finished startup: PreviousExperimentProvider
1524811689455DeferredSave.addons.jsonDEBUGStarting write
1524811689485DeferredSave.extensions.jsonDEBUGWrite succeeded
1524811689903DeferredSave.addons.jsonDEBUGWrite succeeded
Crash Annotation GraphicsCriticalError: |[C0][GFX1]: Potential driver version mismatch ignored due to missing DLLs 0.0.0.0 and 0.0.0.0 (t=24.1812) [GFX1]: Potential driver version mismatch ignored due to missing DLLs 0.0.0.0 and 0.0.0.0

at org.openqa.selenium.firefox.internal.NewProfileExtensionConnection.start(NewProfileExtensionConnection.java:112)
... 33 more
]]>
    </failure>
  </testcase> <!-- @BeforeClass setUp -->
  <testcase name="@AfterClass tearDown" time="0.0" classname="TestNG11.CreateUser">
    <failure type="java.lang.NullPointerException">
      <![CDATA[java.lang.NullPointerException
at TestNG11.CreateUser.tearDown(CreateUser.java:44)
at sun.reflect.NativeMethodAccessorImpl.invoke0(Native Method)
at sun.reflect.NativeMethodAccessorImpl.invoke(NativeMethodAccessorImpl.java:62)
at sun.reflect.DelegatingMethodAccessorImpl.invoke(DelegatingMethodAccessorImpl.java:43)
at java.lang.reflect.Method.invoke(Method.java:498)
at org.testng.internal.MethodInvocationHelper.invokeMethod(MethodInvocationHelper.java:124)
at org.testng.internal.MethodInvocationHelper.invokeMethodConsideringTimeout(MethodInvocationHelper.java:59)
at org.testng.internal.Invoker.invokeConfigurationMethod(Invoker.java:455)
at org.testng.internal.Invoker.invokeConfigurations(Invoker.java:222)
at org.testng.internal.Invoker.invokeConfigurations(Invoker.java:142)
at org.testng.internal.TestMethodWorker.invokeAfterClassMethods(TestMethodWorker.java:214)
at org.testng.internal.TestMethodWorker.run(TestMethodWorker.java:111)
at org.testng.TestRunner.privateRun(TestRunner.java:648)
at org.testng.TestRunner.run(TestRunner.java:505)
at org.testng.SuiteRunner.runTest(SuiteRunner.java:455)
at org.testng.SuiteRunner.runSequentially(SuiteRunner.java:450)
at org.testng.SuiteRunner.privateRun(SuiteRunner.java:415)
at org.testng.SuiteRunner.run(SuiteRunner.java:364)
at org.testng.SuiteRunnerWorker.runSuite(SuiteRunnerWorker.java:52)
at org.testng.SuiteRunnerWorker.run(SuiteRunnerWorker.java:84)
at org.testng.TestNG.runSuitesSequentially(TestNG.java:1208)
at org.testng.TestNG.runSuitesLocally(TestNG.java:1137)
at org.testng.TestNG.runSuites(TestNG.java:1049)
at org.testng.TestNG.run(TestNG.java:1017)
at org.testng.remote.AbstractRemoteTestNG.run(AbstractRemoteTestNG.java:114)
at org.testng.remote.RemoteTestNG.initAndRun(RemoteTestNG.java:251)
at org.testng.remote.RemoteTestNG.main(RemoteTestNG.java:77)
]]>
    </failure>
  </testcase> <!-- @AfterClass tearDown -->
  <testcase name="testCreateuser" time="0.0" classname="TestNG11.CreateUser">
    <skipped/>
  </testcase> <!-- testCreateuser -->
</testsuite> <!-- Default test -->
